b2g/editor/proguard-rules.txt
-dontwarn com.aspose.**
-dontwarn scala.**
-ignorewarnings
-libraryjar libs/aspose-words-1.12-android-jdk16.jar
-keep class org.nbp.editor.** { *; }