b2g/editor/build/intermediates/proguard/debug/aapt_rules.txt
# view AndroidManifest.xml #generated:15
-keep class org.nbp.editor.Application { <init>(...); }

# view AndroidManifest.xml #generated:19
-keep class org.nbp.editor.ui.Editor { <init>(...); }