b2g/editor/build/outputs/proguard/debug/seeds.txt
org.nbp.editor.Application
org.nbp.editor.Application: void onCreate()
org.nbp.editor.Application: Application()
org.nbp.editor.BuildConfig
org.nbp.editor.BuildConfig: boolean DEBUG
org.nbp.editor.BuildConfig: java.lang.String PACKAGE_NAME
org.nbp.editor.BuildConfig: java.lang.String BUILD_TYPE
org.nbp.editor.BuildConfig: java.lang.String FLAVOR
org.nbp.editor.BuildConfig: int VERSION_CODE
org.nbp.editor.BuildConfig: java.lang.String VERSION_NAME
org.nbp.editor.BuildConfig: BuildConfig()
org.nbp.editor.BuildConfig: void <clinit>()
org.nbp.editor.Preferences
org.nbp.editor.Preferences: void lastFile_$eq(java.lang.String)
org.nbp.editor.Preferences: java.lang.String lastFile()
org.nbp.editor.Preferences: void apply(android.content.Context)
org.nbp.editor.Preferences$
org.nbp.editor.Preferences$: org.nbp.editor.Preferences$ MODULE$
org.nbp.editor.Preferences$: android.content.SharedPreferences prefs
org.nbp.editor.Preferences$: void <clinit>()
org.nbp.editor.Preferences$: android.content.SharedPreferences prefs()
org.nbp.editor.Preferences$: void prefs_$eq(android.content.SharedPreferences)
org.nbp.editor.Preferences$: void apply(android.content.Context)
org.nbp.editor.Preferences$: java.lang.String lastFile()
org.nbp.editor.Preferences$: void lastFile_$eq(java.lang.String)
org.nbp.editor.Preferences$: Preferences$()
org.nbp.editor.R
org.nbp.editor.R: R()
org.nbp.editor.R$attr
org.nbp.editor.R$attr: R$attr()
org.nbp.editor.R$drawable
org.nbp.editor.R$drawable: int icon
org.nbp.editor.R$drawable: R$drawable()
org.nbp.editor.R$id
org.nbp.editor.R$id: int newDocument
org.nbp.editor.R$id: int open
org.nbp.editor.R$id: int save
org.nbp.editor.R$id: int saveAs
org.nbp.editor.R$id: int send
org.nbp.editor.R$id: R$id()
org.nbp.editor.R$menu
org.nbp.editor.R$menu: int main
org.nbp.editor.R$menu: R$menu()
org.nbp.editor.R$string
org.nbp.editor.R$string: int appName
org.nbp.editor.R$string: int bold
org.nbp.editor.R$string: int confirmOverwrite
org.nbp.editor.R$string: int error
org.nbp.editor.R$string: int fileNotFound
org.nbp.editor.R$string: int italic
org.nbp.editor.R$string: int loaded
org.nbp.editor.R$string: int loading
org.nbp.editor.R$string: int newDocument
org.nbp.editor.R$string: int noFileManager
org.nbp.editor.R$string: int off
org.nbp.editor.R$string: int on
org.nbp.editor.R$string: int open
org.nbp.editor.R$string: int openDocument
org.nbp.editor.R$string: int save
org.nbp.editor.R$string: int saveAs
org.nbp.editor.R$string: int saveChanges
org.nbp.editor.R$string: int saveDocument
org.nbp.editor.R$string: int saved
org.nbp.editor.R$string: int send
org.nbp.editor.R$string: int underline
org.nbp.editor.R$string: R$string()
org.nbp.editor.package
org.nbp.editor.package: java.lang.Runnable f2Runnable(scala.Function0)
org.nbp.editor.package: android.content.DialogInterface$OnClickListener f2DialogInterfaceOnClickListener(scala.Function0)
org.nbp.editor.package: android.content.DialogInterface$OnClickListener f2DialogInterfaceOnClickListener(scala.Function2)
org.nbp.editor.package$
org.nbp.editor.package$: org.nbp.editor.package$ MODULE$
org.nbp.editor.package$: void <clinit>()
org.nbp.editor.package$: android.content.DialogInterface$OnClickListener f2DialogInterfaceOnClickListener(scala.Function2)
org.nbp.editor.package$: android.content.DialogInterface$OnClickListener f2DialogInterfaceOnClickListener(scala.Function0)
org.nbp.editor.package$: java.lang.Runnable f2Runnable(scala.Function0)
org.nbp.editor.package$: package$()
org.nbp.editor.package$$anon$1
org.nbp.editor.package$$anon$1: scala.Function2 f$1
org.nbp.editor.package$$anon$1: void onClick(android.content.DialogInterface,int)
org.nbp.editor.package$$anon$1: package$$anon$1(scala.Function2)
org.nbp.editor.package$$anon$2
org.nbp.editor.package$$anon$2: scala.Function0 f$2
org.nbp.editor.package$$anon$2: void onClick(android.content.DialogInterface,int)
org.nbp.editor.package$$anon$2: package$$anon$2(scala.Function0)
...
scala.Predef$Ensuring$: scala.Predef$Ensuring$ MODULE$
scala.Predef$Pair$: scala.Predef$Pair$ MODULE$
scala.Predef$RichException$: scala.Predef$RichException$ MODULE$
scala.Predef$StringAdd$: scala.Predef$StringAdd$ MODULE$
scala.Predef$StringFormat$: scala.Predef$StringFormat$ MODULE$
scala.Predef$Triple$: scala.Predef$Triple$ MODULE$
scala.Predef$any2stringadd$: scala.Predef$any2stringadd$ MODULE$
scala.Product1$: scala.Product1$ MODULE$
scala.Product10$: scala.Product10$ MODULE$
scala.Product11$: scala.Product11$ MODULE$
scala.Product12$: scala.Product12$ MODULE$
scala.Product13$: scala.Product13$ MODULE$
scala.Product14$: scala.Product14$ MODULE$
scala.Product15$: scala.Product15$ MODULE$
scala.Product16$: scala.Product16$ MODULE$
scala.Product17$: scala.Product17$ MODULE$
scala.Product18$: scala.Product18$ MODULE$
scala.Product19$: scala.Product19$ MODULE$
scala.Product2$: scala.Product2$ MODULE$
scala.Product20$: scala.Product20$ MODULE$
scala.Product21$: scala.Product21$ MODULE$
scala.Product22$: scala.Product22$ MODULE$
scala.Product3$: scala.Product3$ MODULE$
scala.Product4$: scala.Product4$ MODULE$
scala.Product5$: scala.Product5$ MODULE$
scala.Product6$: scala.Product6$ MODULE$
scala.Product7$: scala.Product7$ MODULE$
scala.Product8$: scala.Product8$ MODULE$
scala.Product9$: scala.Product9$ MODULE$
scala.Proxy$: scala.Proxy$ MODULE$
scala.Responder$: scala.Responder$ MODULE$
scala.ScalaReflectionException$: scala.ScalaReflectionException$ MODULE$
scala.Short$: scala.Short$ MODULE$
scala.Some$: scala.Some$ MODULE$
scala.Specializable$: scala.Specializable$ MODULE$
scala.StringContext$: scala.StringContext$ MODULE$
scala.Symbol$: scala.Symbol$ MODULE$
scala.Tuple1$: scala.Tuple1$ MODULE$
scala.Tuple10$: scala.Tuple10$ MODULE$
scala.Tuple11$: scala.Tuple11$ MODULE$
scala.Tuple12$: scala.Tuple12$ MODULE$
scala.Tuple13$: scala.Tuple13$ MODULE$
scala.Tuple14$: scala.Tuple14$ MODULE$
scala.Tuple15$: scala.Tuple15$ MODULE$
scala.Tuple16$: scala.Tuple16$ MODULE$
scala.Tuple17$: scala.Tuple17$ MODULE$
scala.Tuple18$: scala.Tuple18$ MODULE$
scala.Tuple19$: scala.Tuple19$ MODULE$
scala.Tuple2$: scala.Tuple2$ MODULE$
scala.Tuple20$: scala.Tuple20$ MODULE$
scala.Tuple21$: scala.Tuple21$ MODULE$
scala.Tuple22$: scala.Tuple22$ MODULE$
scala.Tuple3$: scala.Tuple3$ MODULE$
scala.Tuple4$: scala.Tuple4$ MODULE$
scala.Tuple5$: scala.Tuple5$ MODULE$
scala.Tuple6$: scala.Tuple6$ MODULE$
scala.Tuple7$: scala.Tuple7$ MODULE$
scala.Tuple8$: scala.Tuple8$ MODULE$
scala.Tuple9$: scala.Tuple9$ MODULE$
scala.UninitializedFieldError$: scala.UninitializedFieldError$ MODULE$
scala.Unit$: scala.Unit$ MODULE$
scala.annotation.elidable$: scala.annotation.elidable$ MODULE$
scala.annotation.meta.package$: scala.annotation.meta.package$ MODULE$
scala.collection.$colon$plus$: scala.collection.$colon$plus$ MODULE$
scala.collection.$plus$colon$: scala.collection.$plus$colon$ MODULE$
scala.collection.BitSet$: scala.collection.BitSet$ MODULE$
scala.collection.BitSetLike$: scala.collection.BitSetLike$ MODULE$
scala.collection.DebugUtils$: scala.collection.DebugUtils$ MODULE$
scala.collection.GenIterable$: scala.collection.GenIterable$ MODULE$
scala.collection.GenMap$: scala.collection.GenMap$ MODULE$
scala.collection.GenSeq$: scala.collection.GenSeq$ MODULE$
scala.collection.GenSet$: scala.collection.GenSet$ MODULE$
scala.collection.GenTraversable$: scala.collection.GenTraversable$ MODULE$
scala.collection.IndexedSeq$: scala.collection.IndexedSeq$ MODULE$
scala.collection.Iterable$: scala.collection.Iterable$ MODULE$
scala.collection.IterableView$: scala.collection.IterableView$ MODULE$
scala.collection.Iterator$: scala.collection.Iterator$ MODULE$
scala.collection.JavaConversions$: scala.collection.JavaConversions$ MODULE$
scala.collection.JavaConverters$: scala.collection.JavaConverters$ MODULE$
scala.collection.LinearSeq$: scala.collection.LinearSeq$ MODULE$
scala.collection.Map$: scala.collection.Map$ MODULE$