b2g/editor/build/outputs/proguard/debug/usage.txt
scala.collection.mutable.DoubleLinkedListLike$$anonfun$apply$1
scala.collection.mutable.DoubleLinkedListLike$$anonfun$apply$2
scala.collection.mutable.DoubleLinkedListLike$$anonfun$get$1
scala.collection.mutable.DoubleLinkedListLike$$anonfun$get$2
scala.collection.mutable.DoubleLinkedListLike$$anonfun$update$1
scala.collection.mutable.DoubleLinkedListLike$$anonfun$update$2
scala.collection.mutable.DoubleLinkedListLike$class
scala.collection.mutable.FlatHashTable:
    public abstract int randomSeed()
    public abstract void init(java.io.ObjectInputStream,scala.Function1)
    public abstract void serializeTo(java.io.ObjectOutputStream)
    public abstract scala.Option findEntry(java.lang.Object)
    public abstract boolean addElem(java.lang.Object)
    public abstract boolean removeElem(java.lang.Object)
    public abstract scala.collection.Iterator iterator()
    public abstract void printSizeMap()
    public abstract void printContents()
    public abstract void sizeMapDisable()
    public abstract boolean isSizeMapDefined()
    public abstract void clearTable()
    public abstract scala.collection.mutable.FlatHashTable$Contents hashTableContents()
    public abstract void initWithContents(scala.collection.mutable.FlatHashTable$Contents)
scala.collection.mutable.FlatHashTable$:
    382:382:public final java.lang.ThreadLocal seedGenerator()
    394:394:public final int loadFactorDenum()
    396:396:public int sizeForThreshold(int,int)
scala.collection.mutable.FlatHashTable$$anon$2
scala.collection.mutable.FlatHashTable$$anonfun$checkConsistent$1:
    232:232:public synthetic scala.collection.mutable.FlatHashTable scala$collection$mutable$FlatHashTable$$anonfun$$$outer()
scala.collection.mutable.FlatHashTable$$anonfun$serializeTo$1
scala.collection.mutable.FlatHashTable$Contents:
    405:413:public FlatHashTable$Contents(int,java.lang.Object[],int,int,int,int[])
scala.collection.mutable.FlatHashTable$class:
    57:57:public static int randomSeed(scala.collection.mutable.FlatHashTable)
    68:91:public static void init(scala.collection.mutable.FlatHashTable,java.io.ObjectInputStream,scala.Function1)
    101:106:public static void serializeTo(scala.collection.mutable.FlatHashTable,java.io.ObjectOutputStream)
    112:114:public static scala.Option findEntry(scala.collection.mutable.FlatHashTable,java.lang.Object)
    307:307:public static void printSizeMap(scala.collection.mutable.FlatHashTable)
    311:311:public static void printContents(scala.collection.mutable.FlatHashTable)
    314:314:public static void sizeMapDisable(scala.collection.mutable.FlatHashTable)
    316:316:public static boolean isSizeMapDefined(scala.collection.mutable.FlatHashTable)
    344:347:public static void clearTable(scala.collection.mutable.FlatHashTable)
    350:356:public static scala.collection.mutable.FlatHashTable$Contents hashTableContents(scala.collection.mutable.FlatHashTable)
scala.collection.mutable.GrowingBuilder:
    25:25:public scala.collection.mutable.Builder mapResult(scala.Function1)
    25:25:public scala.collection.generic.Growable $plus$eq(java.lang.Object,java.lang.Object,scala.collection.Seq)
    26:26:public void elems_$eq(scala.collection.generic.Growable)
    28:28:public void clear()